c:\dev\spectralrenderer\hdspectral_phase1\hdspectral\build\hdspectral.dir\release\hdspectralrenderbuffer.obj
c:\dev\spectralrenderer\hdspectral_phase1\hdspectral\build\hdspectral.dir\release\hdspectralrenderpass.obj
c:\dev\spectralrenderer\hdspectral_phase1\hdspectral\build\hdspectral.dir\release\hdspectralrendererplugin.obj
c:\dev\spectralrenderer\hdspectral_phase1\hdspectral\build\hdspectral.dir\release\hdspectralrenderdelegate.obj
c:\dev\spectralrenderer\hdspectral_phase1\hdspectral\build\hdspectral.dir\release\hdspectralmesh.obj
c:\dev\spectralrenderer\hdspectral_phase1\hdspectral\build\cmakefiles\generate.stamp
c:\dev\spectralrenderer\hdspectral_phase1\hdspectral\build\hdspectral\hdspectral.dll
c:\dev\spectralrenderer\hdspectral_phase1\hdspectral\build\release\hdspectral.lib
c:\dev\spectralrenderer\hdspectral_phase1\hdspectral\build\release\hdspectral.exp
c:\dev\spectralrenderer\hdspectral_phase1\hdspectral\build\hdspectral.dir\release\hdspectral.tlog\cl.10472.write.1.tlog
c:\dev\spectralrenderer\hdspectral_phase1\hdspectral\build\hdspectral.dir\release\hdspectral.tlog\cl.command.1.tlog
c:\dev\spectralrenderer\hdspectral_phase1\hdspectral\build\hdspectral.dir\release\hdspectral.tlog\cl.items.tlog
c:\dev\spectralrenderer\hdspectral_phase1\hdspectral\build\hdspectral.dir\release\hdspectral.tlog\cl.read.1.tlog
c:\dev\spectralrenderer\hdspectral_phase1\hdspectral\build\hdspectral.dir\release\hdspectral.tlog\custombuild.command.1.tlog
c:\dev\spectralrenderer\hdspectral_phase1\hdspectral\build\hdspectral.dir\release\hdspectral.tlog\custombuild.read.1.tlog
c:\dev\spectralrenderer\hdspectral_phase1\hdspectral\build\hdspectral.dir\release\hdspectral.tlog\custombuild.write.1.tlog
c:\dev\spectralrenderer\hdspectral_phase1\hdspectral\build\hdspectral.dir\release\hdspectral.tlog\link.command.1.tlog
c:\dev\spectralrenderer\hdspectral_phase1\hdspectral\build\hdspectral.dir\release\hdspectral.tlog\link.read.1.tlog
c:\dev\spectralrenderer\hdspectral_phase1\hdspectral\build\hdspectral.dir\release\hdspectral.tlog\link.secondary.1.tlog
c:\dev\spectralrenderer\hdspectral_phase1\hdspectral\build\hdspectral.dir\release\hdspectral.tlog\link.write.1.tlog
