c:\dev\spectralrenderer\hdspectral_phase1\hdspectral\build\spectralrender.dir\release\spectralenvlight.obj
c:\dev\spectralrenderer\hdspectral_phase1\hdspectral\build\spectralrender.dir\release\spectralrenderiop.obj
c:\dev\spectralrenderer\hdspectral_phase1\hdspectral\build\spectralrender.dir\release\spectralvdbread.obj
c:\dev\spectralrenderer\hdspectral_phase1\hdspectral\build\spectralrender.dir\release\spectralvolmerge.obj
c:\dev\spectralrenderer\hdspectral_phase1\hdspectral\build\spectralrender.dir\release\spectralvolumematerial.obj
c:\dev\spectralrenderer\hdspectral_phase1\hdspectral\build\spectralrender.dir\release\spectralsurfaceop.obj
c:\dev\spectralrenderer\hdspectral_phase1\hdspectral\build\spectralrender.dir\release\spectralstudiolight.obj
c:\dev\spectralrenderer\hdspectral_phase1\hdspectral\build\cmakefiles\generate.stamp
c:\dev\spectralrenderer\hdspectral_phase1\hdspectral\build\spectralrender\spectralrender.dll
c:\dev\spectralrenderer\hdspectral_phase1\hdspectral\build\spectralrender\openvdb.dll
c:\dev\spectralrenderer\hdspectral_phase1\hdspectral\build\spectralrender\imath-3_2.dll
c:\dev\spectralrenderer\hdspectral_phase1\hdspectral\build\spectralrender\tbb12.dll
c:\dev\spectralrenderer\hdspectral_phase1\hdspectral\build\spectralrender\blosc.dll
c:\dev\spectralrenderer\hdspectral_phase1\hdspectral\build\spectralrender\zlib1.dll
c:\dev\spectralrenderer\hdspectral_phase1\hdspectral\build\spectralrender\zstd.dll
c:\dev\spectralrenderer\hdspectral_phase1\hdspectral\build\spectralrender\lz4.dll
c:\dev\spectralrenderer\hdspectral_phase1\hdspectral\build\release\spectralrender.lib
c:\dev\spectralrenderer\hdspectral_phase1\hdspectral\build\release\spectralrender.exp
c:\dev\spectralrenderer\hdspectral_phase1\hdspectral\build\spectralrender.dir\release\spectralrender.tlog\cl.16380.write.1.tlog
c:\dev\spectralrenderer\hdspectral_phase1\hdspectral\build\spectralrender.dir\release\spectralrender.tlog\cl.command.1.tlog
c:\dev\spectralrenderer\hdspectral_phase1\hdspectral\build\spectralrender.dir\release\spectralrender.tlog\cl.items.tlog
c:\dev\spectralrenderer\hdspectral_phase1\hdspectral\build\spectralrender.dir\release\spectralrender.tlog\cl.read.1.tlog
c:\dev\spectralrenderer\hdspectral_phase1\hdspectral\build\spectralrender.dir\release\spectralrender.tlog\custombuild.command.1.tlog
c:\dev\spectralrenderer\hdspectral_phase1\hdspectral\build\spectralrender.dir\release\spectralrender.tlog\custombuild.read.1.tlog
c:\dev\spectralrenderer\hdspectral_phase1\hdspectral\build\spectralrender.dir\release\spectralrender.tlog\custombuild.write.1.tlog
c:\dev\spectralrenderer\hdspectral_phase1\hdspectral\build\spectralrender.dir\release\spectralrender.tlog\link.command.1.tlog
c:\dev\spectralrenderer\hdspectral_phase1\hdspectral\build\spectralrender.dir\release\spectralrender.tlog\link.read.1.tlog
c:\dev\spectralrenderer\hdspectral_phase1\hdspectral\build\spectralrender.dir\release\spectralrender.tlog\link.secondary.1.tlog
c:\dev\spectralrenderer\hdspectral_phase1\hdspectral\build\spectralrender.dir\release\spectralrender.tlog\link.write.1.tlog
c:\dev\spectralrenderer\hdspectral_phase1\hdspectral\build\spectralrender.dir\release\spectralrender.tlog\spectralrender.write.1u.tlog
